<?xml version="1.0" encoding="UTF-8"?>
<!-- Generated by org.testng.reporters.JUnitReportReporter -->
<testsuite skipped="0" hostname="E0366482" name="test.TC001" tests="1" failures="0" timestamp="17 Aug 2018 11:12:13 GMT" time="0.015" errors="0">
  <testcase name="test1" time="0.015" classname="test.TC001"/>
</testsuite> <!-- test.TC001 -->
